2018-10-31 09:20:06.546  INFO 8652 --- [main] .s.Spring008SpringBootLoggingApplication : Starting Spring008SpringBootLoggingApplication on TRANMANH with PID 8652 (D:\Document\Training\j2ee_workspace\Spring008_SpringBootLogging\target\classes started by manht in D:\Document\Training\j2ee_workspace\Spring008_SpringBootLogging)
2018-10-31 09:20:06.548  INFO 8652 --- [main] .s.Spring008SpringBootLoggingApplication : No active profile set, falling back to default profiles: default
2018-10-31 09:20:06.587  INFO 8652 --- [main] ConfigServletWebServerApplicationContext : Refreshing org.springframework.boot.web.servlet.context.AnnotationConfigServletWebServerApplicationContext@56de5251: startup date [Wed Oct 31 09:20:06 ICT 2018]; root of context hierarchy
2018-10-31 09:20:07.380  INFO 8652 --- [main] o.s.b.w.embedded.tomcat.TomcatWebServer  : Tomcat initialized with port(s): 8080 (http)
2018-10-31 09:20:07.406  INFO 8652 --- [main] o.apache.catalina.core.StandardService   : Starting service [Tomcat]
2018-10-31 09:20:07.407  INFO 8652 --- [main] org.apache.catalina.core.StandardEngine  : Starting Servlet Engine: Apache Tomcat/8.5.34
2018-10-31 09:20:07.410  INFO 8652 --- [localhost-startStop-1] o.a.catalina.core.AprLifecycleListener   : The APR based Apache Tomcat Native library which allows optimal performance in production environments was not found on the java.library.path: [C:\Java\jdk1.8.0_181\bin;C:\WINDOWS\Sun\Java\bin;C:\WINDOWS\system32;C:\WINDOWS;C:/Java/jdk1.8.0_181/bin/../jre/bin/server;C:/Java/jdk1.8.0_181/bin/../jre/bin;C:/Java/jdk1.8.0_181/bin/../jre/lib/amd64;C:\WINDOWS\system32;C:\WINDOWS;C:\WINDOWS\System32\Wbem;C:\WINDOWS\System32\WindowsPowerShell\v1.0\;C:\Program Files\Git\cmd;C:\Java\jdk1.8.0_181\bin;D:\Document\Training\AndroidWorkspace\Nimbl3_Test\curl-7.61.0-win64-mingw\bin;;C:\WINDOWS\System32\OpenSSH\;C:\Users\manht\AppData\Local\Microsoft\WindowsApps;C:\Users\manht\AppData\Local\GitHubDesktop\bin;%USERPROFILE%\AppData\Local\Microsoft\WindowsApps;;C:\WINDOWS\System32;;.]
2018-10-31 09:20:07.481  INFO 8652 --- [localhost-startStop-1] o.a.c.c.C.[Tomcat].[localhost].[/]       : Initializing Spring embedded WebApplicationContext
2018-10-31 09:20:07.482  INFO 8652 --- [localhost-startStop-1] o.s.web.context.ContextLoader            : Root WebApplicationContext: initialization completed in 895 ms
2018-10-31 09:20:07.533  INFO 8652 --- [localhost-startStop-1] o.s.b.w.servlet.ServletRegistrationBean  : Servlet dispatcherServlet mapped to [/]
2018-10-31 09:20:07.541  INFO 8652 --- [localhost-startStop-1] o.s.b.w.servlet.FilterRegistrationBean   : Mapping filter: 'characterEncodingFilter' to: [/*]
2018-10-31 09:20:07.541  INFO 8652 --- [localhost-startStop-1] o.s.b.w.servlet.FilterRegistrationBean   : Mapping filter: 'hiddenHttpMethodFilter' to: [/*]
2018-10-31 09:20:07.542  INFO 8652 --- [localhost-startStop-1] o.s.b.w.servlet.FilterRegistrationBean   : Mapping filter: 'httpPutFormContentFilter' to: [/*]
2018-10-31 09:20:07.542  INFO 8652 --- [localhost-startStop-1] o.s.b.w.servlet.FilterRegistrationBean   : Mapping filter: 'requestContextFilter' to: [/*]
2018-10-31 09:20:07.628  INFO 8652 --- [main] o.s.w.s.handler.SimpleUrlHandlerMapping  : Mapped URL path [/**/favicon.ico] onto handler of type [class org.springframework.web.servlet.resource.ResourceHttpRequestHandler]
2018-10-31 09:20:07.771  INFO 8652 --- [main] s.w.s.m.m.a.RequestMappingHandlerAdapter : Looking for @ControllerAdvice: org.springframework.boot.web.servlet.context.AnnotationConfigServletWebServerApplicationContext@56de5251: startup date [Wed Oct 31 09:20:06 ICT 2018]; root of context hierarchy
2018-10-31 09:20:07.816  INFO 8652 --- [main] s.w.s.m.m.a.RequestMappingHandlerMapping : Mapped "{[/]}" onto public java.lang.String com.training.spring.controller.MainController.home()
2018-10-31 09:20:07.820  INFO 8652 --- [main] s.w.s.m.m.a.RequestMappingHandlerMapping : Mapped "{[/error]}" onto public org.springframework.http.ResponseEntity<java.util.Map<java.lang.String, java.lang.Object>> org.springframework.boot.autoconfigure.web.servlet.error.BasicErrorController.error(javax.servlet.http.HttpServletRequest)
2018-10-31 09:20:07.820  INFO 8652 --- [main] s.w.s.m.m.a.RequestMappingHandlerMapping : Mapped "{[/error],produces=[text/html]}" onto public org.springframework.web.servlet.ModelAndView org.springframework.boot.autoconfigure.web.servlet.error.BasicErrorController.errorHtml(javax.servlet.http.HttpServletRequest,javax.servlet.http.HttpServletResponse)
2018-10-31 09:20:07.842  INFO 8652 --- [main] o.s.w.s.handler.SimpleUrlHandlerMapping  : Mapped URL path [/webjars/**] onto handler of type [class org.springframework.web.servlet.resource.ResourceHttpRequestHandler]
2018-10-31 09:20:07.842  INFO 8652 --- [main] o.s.w.s.handler.SimpleUrlHandlerMapping  : Mapped URL path [/**] onto handler of type [class org.springframework.web.servlet.resource.ResourceHttpRequestHandler]
2018-10-31 09:20:07.961  INFO 8652 --- [main] o.s.j.e.a.AnnotationMBeanExporter        : Registering beans for JMX exposure on startup
2018-10-31 09:20:07.991  INFO 8652 --- [main] o.s.b.w.embedded.tomcat.TomcatWebServer  : Tomcat started on port(s): 8080 (http) with context path ''
2018-10-31 09:20:07.994  INFO 8652 --- [main] .s.Spring008SpringBootLoggingApplication : Started Spring008SpringBootLoggingApplication in 1.742 seconds (JVM running for 2.347)
2018-10-31 09:20:19.574  INFO 8652 --- [http-nio-8080-exec-1] o.a.c.c.C.[Tomcat].[localhost].[/]       : Initializing Spring FrameworkServlet 'dispatcherServlet'
2018-10-31 09:20:19.574  INFO 8652 --- [http-nio-8080-exec-1] o.s.web.servlet.DispatcherServlet        : FrameworkServlet 'dispatcherServlet': initialization started
2018-10-31 09:20:19.588  INFO 8652 --- [http-nio-8080-exec-1] o.s.web.servlet.DispatcherServlet        : FrameworkServlet 'dispatcherServlet': initialization completed in 13 ms
2018-10-31 09:20:19.605  INFO 8652 --- [http-nio-8080-exec-1] c.t.spring.controller.MainController     : This is INFO
2018-10-31 09:20:19.605  WARN 8652 --- [http-nio-8080-exec-1] c.t.spring.controller.MainController     : This is WARN
2018-10-31 09:20:19.605 ERROR 8652 --- [http-nio-8080-exec-1] c.t.spring.controller.MainController     : This is ERROR
2018-10-31 09:20:21.878  INFO 8652 --- [http-nio-8080-exec-2] c.t.spring.controller.MainController     : This is INFO
2018-10-31 09:20:21.878  WARN 8652 --- [http-nio-8080-exec-2] c.t.spring.controller.MainController     : This is WARN
2018-10-31 09:20:21.878 ERROR 8652 --- [http-nio-8080-exec-2] c.t.spring.controller.MainController     : This is ERROR
2018-10-31 10:19:46.389  INFO 8652 --- [RMI TCP Connection(2)-127.0.0.1] inMXBeanRegistrar$SpringApplicationAdmin : Application shutdown requested.
2018-10-31 10:19:46.393  INFO 8652 --- [RMI TCP Connection(2)-127.0.0.1] ConfigServletWebServerApplicationContext : Closing org.springframework.boot.web.servlet.context.AnnotationConfigServletWebServerApplicationContext@56de5251: startup date [Wed Oct 31 09:20:06 ICT 2018]; root of context hierarchy
2018-10-31 10:19:46.414  INFO 8652 --- [RMI TCP Connection(2)-127.0.0.1] o.s.j.e.a.AnnotationMBeanExporter        : Unregistering JMX-exposed beans on shutdown
